app/manifest-merger-release-report.txt
-- Merging decision tree log ---
manifest
ADDED from AndroidManifest.xml:17:1
	xmlns:android
		ADDED from AndroidManifest.xml:17:11
	package
		ADDED from AndroidManifest.xml:18:5
		INJECTED from AndroidManifest.xml:0:0
		INJECTED from AndroidManifest.xml:0:0
	android:versionName
		INJECTED from AndroidManifest.xml:0:0
		INJECTED from AndroidManifest.xml:0:0
	android:versionCode
		INJECTED from AndroidManifest.xml:0:0
		INJECTED from AndroidManifest.xml:0:0
permission#com.pokevian.optimus.permission.C2D_MESSAGE
ADDED from AndroidManifest.xml:20:5
	android:protectionLevel
		ADDED from AndroidManifest.xml:20:76
	android:name
		ADDED from AndroidManifest.xml:20:17
uses-permission#com.pokevian.optimus.permission.C2D_MESSAGE
ADDED from AndroidManifest.xml:21:5
	android:name
		ADDED from AndroidManifest.xml:21:22
uses-permission#com.google.android.c2dm.permission.RECEIVE
ADDED from AndroidManifest.xml:22:5
	android:name
		ADDED from AndroidManifest.xml:22:22
uses-permission#com.google.android.providers.gsf.permission.READ_GSERVICES
ADDED from AndroidManifest.xml:23:5
	android:name
		ADDED from AndroidManifest.xml:23:22
uses-permission#android.permission.MANAGE_ACCOUNTS
ADDED from AndroidManifest.xml:25:5
	android:name
		ADDED from AndroidManifest.xml:25:22
uses-permission#android.permission.READ_EXTERNAL_STORAGE
ADDED from AndroidManifest.xml:26:5
	android:name
		ADDED from AndroidManifest.xml:26:22
uses-permission#android.permission.INTERNET
ADDED from AndroidManifest.xml:28:5
	android:name
		ADDED from AndroidManifest.xml:28:22
uses-permission#android.permission.GET_ACCOUNTS
ADDED from AndroidManifest.xml:29:5
	android:name
		ADDED from AndroidManifest.xml:29:22
uses-permission#android.permission.USE_CREDENTIALS
ADDED from AndroidManifest.xml:30:5
	android:name
		ADDED from AndroidManifest.xml:30:22
uses-permission#android.permission.AUTHENTICATE_ACCOUNTS
ADDED from AndroidManifest.xml:31:5
	android:name
		ADDED from AndroidManifest.xml:31:22
uses-permission#android.permission.WRITE_EXTERNAL_STORAGE
ADDED from AndroidManifest.xml:32:5
	android:name
		ADDED from AndroidManifest.xml:32:22
uses-permission#android.permission.BLUETOOTH_ADMIN
ADDED from AndroidManifest.xml:33:5
	android:name
		ADDED from AndroidManifest.xml:33:22
uses-permission#android.permission.BLUETOOTH
ADDED from AndroidManifest.xml:34:5
	android:name
		ADDED from AndroidManifest.xml:34:22
uses-permission#android.permission.ACCESS_FINE_LOCATION
ADDED from AndroidManifest.xml:35:5
	android:name
		ADDED from AndroidManifest.xml:35:22
uses-permission#android.permission.ACCESS_NETWORK_STATE
ADDED from AndroidManifest.xml:36:5
	android:name
		ADDED from AndroidManifest.xml:36:22
uses-permission#android.permission.READ_CONTACTS
ADDED from AndroidManifest.xml:37:5
	android:name
		ADDED from AndroidManifest.xml:37:22
uses-permission#android.permission.SYSTEM_ALERT_WINDOW
ADDED from AndroidManifest.xml:38:5
	android:name
		ADDED from AndroidManifest.xml:38:22
uses-permission#android.permission.CAMERA
ADDED from AndroidManifest.xml:39:5
	android:name
		ADDED from AndroidManifest.xml:39:22
uses-permission#android.permission.RECORD_AUDIO
ADDED from AndroidManifest.xml:41:5
	android:name
		ADDED from AndroidManifest.xml:41:22
uses-permission#android.permission.CALL_PHONE
ADDED from AndroidManifest.xml:42:5
	android:name
		ADDED from AndroidManifest.xml:42:22
uses-permission#android.permission.SEND_SMS
ADDED from AndroidManifest.xml:43:5
	android:name
		ADDED from AndroidManifest.xml:43:22
uses-permission#android.permission.READ_PHONE_STATE
ADDED from AndroidManifest.xml:44:5
	android:name
		ADDED from AndroidManifest.xml:44:22
uses-permission#android.permission.MOUNT_UNMOUNT_FILESYSTEMS
ADDED from AndroidManifest.xml:46:5
	android:name
		ADDED from AndroidManifest.xml:46:22
uses-permission#android.permission.RECEIVE_BOOT_COMPLETED
ADDED from AndroidManifest.xml:47:5
	android:name
		ADDED from AndroidManifest.xml:47:22
uses-permission#android.permission.WAKE_LOCK
ADDED from AndroidManifest.xml:48:5
	android:name
		ADDED from AndroidManifest.xml:48:22
uses-feature#android.hardware.bluetooth
ADDED from AndroidManifest.xml:50:5
	android:name
		ADDED from AndroidManifest.xml:50:19
uses-feature#android.hardware.camera
ADDED from AndroidManifest.xml:51:5
	android:required
		ADDED from AndroidManifest.xml:51:59
	android:name
		ADDED from AndroidManifest.xml:51:19
uses-feature#android.hardware.camera.autofocus
ADDED from AndroidManifest.xml:52:5
	android:required
		ADDED from AndroidManifest.xml:52:69
	android:name
		ADDED from AndroidManifest.xml:52:19
uses-feature#android.hardware.microphone
ADDED from AndroidManifest.xml:53:5
	android:name
		ADDED from AndroidManifest.xml:53:19
uses-feature#android.hardware.location
ADDED from AndroidManifest.xml:54:5
	android:name
		ADDED from AndroidManifest.xml:54:19
uses-feature#android.hardware.location.gps
ADDED from AndroidManifest.xml:55:5
	android:name
		ADDED from AndroidManifest.xml:55:19
uses-feature#android.hardware.sensor.accelerometer
ADDED from AndroidManifest.xml:56:5
	android:name
		ADDED from AndroidManifest.xml:56:19
uses-feature#android.hardware.telephony
ADDED from AndroidManifest.xml:57:5
	android:required
		ADDED from AndroidManifest.xml:57:61
	android:name
		ADDED from AndroidManifest.xml:57:19
uses-feature#0x00020000
ADDED from AndroidManifest.xml:58:5
	android:required
		ADDED from AndroidManifest.xml:58:52
	android:glEsVersion
		ADDED from AndroidManifest.xml:58:19
supports-screens
ADDED from AndroidManifest.xml:61:5
	android:largeScreens
		ADDED from AndroidManifest.xml:62:9
	android:requiresSmallestWidthDp
		ADDED from AndroidManifest.xml:64:9
	android:normalScreens
		ADDED from AndroidManifest.xml:63:9
	android:xlargeScreens
		ADDED from AndroidManifest.xml:66:9
	android:smallScreens
		ADDED from AndroidManifest.xml:65:9
application
ADDED from AndroidManifest.xml:68:5
MERGED from com.android.support:appcompat-v7:22.2.1:22:5
MERGED from com.android.support:support-v4:22.2.1:22:5
MERGED from com.android.support:design:22.2.1:22:5
MERGED from com.android.support:appcompat-v7:22.2.1:22:5
MERGED from com.android.support:support-v4:22.2.1:22:5
MERGED from com.android.support:support-v4:22.2.1:22:5
MERGED from com.google.android.gms:play-services:6.1.71:16:5
MERGED from com.android.support:support-v4:22.2.1:22:5
MERGED from com.facebook.android:facebook-android-sdk:4.6.0:28:5
MERGED from com.android.support:support-v4:22.2.1:22:5
MERGED from com.android.support:support-v4:22.2.1:22:5
MERGED from com.android.support:support-v4:22.2.1:22:5
	android:label
		ADDED from AndroidManifest.xml:73:9
	android:allowBackup
		ADDED from AndroidManifest.xml:70:9
	android:icon
		ADDED from AndroidManifest.xml:72:9
	android:theme
		ADDED from AndroidManifest.xml:74:9
	android:hardwareAccelerated
		ADDED from AndroidManifest.xml:71:9
	android:name
		ADDED from AndroidManifest.xml:69:9
meta-data#com.google.android.gms.version
ADDED from AndroidManifest.xml:77:9
	android:name
		ADDED from AndroidManifest.xml:78:13
	android:value
		ADDED from AndroidManifest.xml:79:13
meta-data#com.google.android.maps.v2.API_KEY
ADDED from AndroidManifest.xml:82:9
	android:name
		ADDED from AndroidManifest.xml:83:13
	android:value
		ADDED from AndroidManifest.xml:84:13
meta-data#com.facebook.sdk.ApplicationId
ADDED from AndroidManifest.xml:87:9
	android:name
		ADDED from AndroidManifest.xml:88:13
	android:value
		ADDED from AndroidManifest.xml:89:13
activity#com.pokevian.app.smartfleet.ui.main.MainActivity
ADDED from AndroidManifest.xml:102:9
	android:label
		ADDED from AndroidManifest.xml:105:13
	android:configChanges
		ADDED from AndroidManifest.xml:104:13
	android:name
		ADDED from AndroidManifest.xml:103:13
activity#com.pokevian.app.smartfleet.ui.tripmonitor.TripMonitorActivity
ADDED from AndroidManifest.xml:111:9
	android:screenOrientation
		ADDED from AndroidManifest.xml:113:13
	android:name
		ADDED from AndroidManifest.xml:112:13
activity#com.pokevian.app.smartfleet.ui.intro.IntroActivity
ADDED from AndroidManifest.xml:126:9
	android:screenOrientation
		ADDED from AndroidManifest.xml:128:13
	android:theme
		ADDED from AndroidManifest.xml:129:13
	android:name
		ADDED from AndroidManifest.xml:127:13
intent-filter#android.intent.action.MAIN+android.intent.category.LAUNCHER
ADDED from AndroidManifest.xml:130:13
action#android.intent.action.MAIN
ADDED from AndroidManifest.xml:131:17
	android:name
		ADDED from AndroidManifest.xml:131:25
category#android.intent.category.LAUNCHER
ADDED from AndroidManifest.xml:132:17
	android:name
		ADDED from AndroidManifest.xml:132:27
activity#com.pokevian.app.smartfleet.ui.setup.SetupActivity
ADDED from AndroidManifest.xml:135:9
	android:screenOrientation
		ADDED from AndroidManifest.xml:137:13
	android:theme
		ADDED from AndroidManifest.xml:138:13
	android:name
		ADDED from AndroidManifest.xml:136:13
activity#com.pokevian.app.smartfleet.ui.setup.WelcomeActivity
ADDED from AndroidManifest.xml:139:9
	android:screenOrientation
		ADDED from AndroidManifest.xml:141:13
	android:theme
		ADDED from AndroidManifest.xml:142:13
	android:name
		ADDED from AndroidManifest.xml:140:13
activity#com.pokevian.app.smartfleet.ui.settings.SettingsActivity
ADDED from AndroidManifest.xml:143:9
	android:screenOrientation
		ADDED from AndroidManifest.xml:146:13
	android:configChanges
		ADDED from AndroidManifest.xml:145:13
	android:theme
		ADDED from AndroidManifest.xml:147:13
	android:name
		ADDED from AndroidManifest.xml:144:13
activity#com.pokevian.app.smartfleet.ui.settings.GeneralSettingActivity
ADDED from AndroidManifest.xml:148:9
	android:configChanges
		ADDED from AndroidManifest.xml:151:13
	android:name
		ADDED from AndroidManifest.xml:149:13
activity#com.pokevian.app.smartfleet.ui.settings.BlackboxSettingActivity
ADDED from AndroidManifest.xml:152:9
	android:configChanges
		ADDED from AndroidManifest.xml:154:13
	android:name
		ADDED from AndroidManifest.xml:153:13
activity#com.pokevian.app.smartfleet.ui.settings.VehicleSettingActivity
ADDED from AndroidManifest.xml:155:9
	android:theme
		ADDED from AndroidManifest.xml:157:13
	android:name
		ADDED from AndroidManifest.xml:156:13
activity#com.pokevian.app.smartfleet.ui.driving.DrivingActivity
ADDED from AndroidManifest.xml:158:9
	android:configChanges
		ADDED from AndroidManifest.xml:160:13
	android:theme
		ADDED from AndroidManifest.xml:161:13
	android:name
		ADDED from AndroidManifest.xml:159:13
activity#com.pokevian.app.smartfleet.ui.video.VideoListActivity
ADDED from AndroidManifest.xml:163:9
	android:configChanges
		ADDED from AndroidManifest.xml:165:13
	android:name
		ADDED from AndroidManifest.xml:164:13
activity#com.pokevian.app.smartfleet.ui.video.VideoPlayActivity
ADDED from AndroidManifest.xml:166:9
	android:screenOrientation
		ADDED from AndroidManifest.xml:169:13
	android:configChanges
		ADDED from AndroidManifest.xml:168:13
	android:name
		ADDED from AndroidManifest.xml:167:13
activity#com.pokevian.app.smartfleet.ui.settings.DisclaimerActivity
ADDED from AndroidManifest.xml:171:9
	android:configChanges
		ADDED from AndroidManifest.xml:173:13
	android:name
		ADDED from AndroidManifest.xml:172:13
activity#com.pokevian.app.smartfleet.ui.rank.RankingActivityNew
ADDED from AndroidManifest.xml:175:9
	android:screenOrientation
		ADDED from AndroidManifest.xml:176:13
	android:name
		ADDED from AndroidManifest.xml:175:19
activity#com.pokevian.app.smartfleet.ui.rank.HofActivity
ADDED from AndroidManifest.xml:177:9
	android:screenOrientation
		ADDED from AndroidManifest.xml:178:13
	android:name
		ADDED from AndroidManifest.xml:177:19
activity#com.pokevian.app.smartfleet.ui.pattern.DrivingPatternActivity
ADDED from AndroidManifest.xml:179:9
	android:screenOrientation
		ADDED from AndroidManifest.xml:180:13
	android:name
		ADDED from AndroidManifest.xml:179:19
activity#com.pokevian.app.smartfleet.ui.diagnostic.DiagnosticActivity
ADDED from AndroidManifest.xml:181:9
	android:configChanges
		ADDED from AndroidManifest.xml:182:13
	android:name
		ADDED from AndroidManifest.xml:181:19
activity#com.pokevian.app.smartfleet.ui.web.EventActivity
ADDED from AndroidManifest.xml:184:9
	android:screenOrientation
		ADDED from AndroidManifest.xml:185:13
	android:name
		ADDED from AndroidManifest.xml:184:19
activity#com.pokevian.app.smartfleet.ui.common.SignInActivity
ADDED from AndroidManifest.xml:189:9
	android:theme
		ADDED from AndroidManifest.xml:191:13
	android:name
		ADDED from AndroidManifest.xml:190:13
activity#com.pokevian.app.smartfleet.ui.common.SignOutActivity
ADDED from AndroidManifest.xml:192:9
	android:theme
		ADDED from AndroidManifest.xml:194:13
	android:name
		ADDED from AndroidManifest.xml:193:13
activity#com.pokevian.app.smartfleet.ui.common.GoogleAuthActivity
ADDED from AndroidManifest.xml:195:9
	android:theme
		ADDED from AndroidManifest.xml:197:13
	android:name
		ADDED from AndroidManifest.xml:196:13
activity#com.pokevian.app.smartfleet.ui.common.FacebookAuthActivity
ADDED from AndroidManifest.xml:198:9
	android:theme
		ADDED from AndroidManifest.xml:200:13
	android:name
		ADDED from AndroidManifest.xml:199:13
activity#com.facebook.LoginActivity
ADDED from AndroidManifest.xml:201:9
	android:label
		ADDED from AndroidManifest.xml:203:13
	android:theme
		ADDED from AndroidManifest.xml:204:13
	android:name
		ADDED from AndroidManifest.xml:202:13
activity#com.facebook.FacebookActivity
ADDED from AndroidManifest.xml:205:9
	android:label
		ADDED from AndroidManifest.xml:208:13
	android:configChanges
		ADDED from AndroidManifest.xml:207:13
	android:theme
		ADDED from AndroidManifest.xml:209:13
	android:name
		ADDED from AndroidManifest.xml:206:13
activity#com.pokevian.app.smartfleet.ui.common.YoutubeAuthActivity
ADDED from AndroidManifest.xml:211:9
	android:theme
		ADDED from AndroidManifest.xml:213:13
	android:name
		ADDED from AndroidManifest.xml:212:13
activity#com.pokevian.app.smartfleet.ui.tripmonitor.PopupActivity
ADDED from AndroidManifest.xml:214:9
	android:screenOrientation
		ADDED from AndroidManifest.xml:217:13
	android:configChanges
		ADDED from AndroidManifest.xml:216:13
	android:name
		ADDED from AndroidManifest.xml:215:13
activity#com.pokevian.app.smartfleet.ui.report.CrashReportActivity
ADDED from AndroidManifest.xml:220:9
	android:configChanges
		ADDED from AndroidManifest.xml:222:13
	android:theme
		ADDED from AndroidManifest.xml:224:13
	android:process
		ADDED from AndroidManifest.xml:223:13
	android:name
		ADDED from AndroidManifest.xml:221:13
activity#com.pokevian.app.smartfleet.ui.report.TripReportActivity
ADDED from AndroidManifest.xml:226:9
	android:screenOrientation
		ADDED from AndroidManifest.xml:229:13
	android:configChanges
		ADDED from AndroidManifest.xml:228:13
	android:name
		ADDED from AndroidManifest.xml:227:13
service#com.pokevian.app.smartfleet.ui.driving.DrivingService
ADDED from AndroidManifest.xml:232:9
	android:name
		ADDED from AndroidManifest.xml:232:18
service#com.pokevian.app.smartfleet.service.VehicleService
ADDED from AndroidManifest.xml:235:9
	android:name
		ADDED from AndroidManifest.xml:235:18
service#com.pokevian.app.smartfleet.service.SoundEffectService
ADDED from AndroidManifest.xml:238:9
	android:name
		ADDED from AndroidManifest.xml:238:18
service#com.pokevian.app.smartfleet.service.TripReportService
ADDED from AndroidManifest.xml:241:9
	android:name
		ADDED from AndroidManifest.xml:241:18
service#com.pokevian.app.smartfleet.service.DataUploadService
ADDED from AndroidManifest.xml:244:9
	android:process
		ADDED from AndroidManifest.xml:246:13
	android:name
		ADDED from AndroidManifest.xml:245:13
service#com.pokevian.app.smartfleet.service.YoutubeUploadService
ADDED from AndroidManifest.xml:249:9
	android:process
		ADDED from AndroidManifest.xml:251:13
	android:name
		ADDED from AndroidManifest.xml:250:13
service#com.pokevian.app.smartfleet.service.CrashDetectService
ADDED from AndroidManifest.xml:254:9
	android:name
		ADDED from AndroidManifest.xml:254:18
service#com.pokevian.app.smartfleet.service.AutoConnectService
ADDED from AndroidManifest.xml:255:9
	android:name
		ADDED from AndroidManifest.xml:255:18
receiver#com.pokevian.app.smartfleet.receiver.BringToFrontReceiver
ADDED from AndroidManifest.xml:258:9
	android:exported
		ADDED from AndroidManifest.xml:260:13
	android:name
		ADDED from AndroidManifest.xml:259:13
intent-filter#com.pokevian.app.smartfleet.action.BRING_TO_FRONT
ADDED from AndroidManifest.xml:261:13
action#com.pokevian.app.smartfleet.action.BRING_TO_FRONT
ADDED from AndroidManifest.xml:262:17
	android:name
		ADDED from AndroidManifest.xml:262:25
receiver#com.pokevian.app.smartfleet.receiver.BootCompleteReceiver
ADDED from AndroidManifest.xml:267:9
	android:exported
		ADDED from AndroidManifest.xml:269:13
	android:name
		ADDED from AndroidManifest.xml:268:13
intent-filter#android.intent.action.BOOT_COMPLETED
ADDED from AndroidManifest.xml:270:13
action#android.intent.action.BOOT_COMPLETED
ADDED from AndroidManifest.xml:271:17
	android:name
		ADDED from AndroidManifest.xml:271:25
receiver#com.pokevian.app.smartfleet.receiver.NetworkChangeReceiver
ADDED from AndroidManifest.xml:275:9
	android:name
		ADDED from AndroidManifest.xml:276:13
intent-filter#android.net.conn.CONNECTIVITY_CHANGE+android.net.wifi.WIFI_STATE_CHANGED
ADDED from AndroidManifest.xml:277:13
action#android.net.conn.CONNECTIVITY_CHANGE
ADDED from AndroidManifest.xml:278:17
	android:name
		ADDED from AndroidManifest.xml:278:25
action#android.net.wifi.WIFI_STATE_CHANGED
ADDED from AndroidManifest.xml:279:17
	android:name
		ADDED from AndroidManifest.xml:279:25
receiver#com.pokevian.app.smartfleet.receiver.ObdReadTimeoutReceiver
ADDED from AndroidManifest.xml:284:9
	android:exported
		ADDED from AndroidManifest.xml:286:13
	android:name
		ADDED from AndroidManifest.xml:285:13
intent-filter#com.pokevian.lib.obd2.action.IO_EXCEPTION
ADDED from AndroidManifest.xml:287:13
action#com.pokevian.lib.obd2.action.IO_EXCEPTION
ADDED from AndroidManifest.xml:288:17
	android:name
		ADDED from AndroidManifest.xml:288:25
activity#com.pokevian.app.fingerpush.PushAlertActivity
ADDED from AndroidManifest.xml:293:9
	android:screenOrientation
		ADDED from AndroidManifest.xml:296:13
	android:theme
		ADDED from AndroidManifest.xml:297:13
	android:name
		ADDED from AndroidManifest.xml:294:13
	android:launchMode
		ADDED from AndroidManifest.xml:295:13
activity#com.pokevian.app.smartfleet.ui.web.WebLinkActivity
ADDED from AndroidManifest.xml:300:9
	android:theme
		ADDED from AndroidManifest.xml:301:13
	android:name
		ADDED from AndroidManifest.xml:300:19
service#com.pokevian.app.fingerpush.GCMIntentService
ADDED from AndroidManifest.xml:303:9
	android:name
		ADDED from AndroidManifest.xml:303:18
service#com.pokevian.app.fingerpush.PushNotificationService
ADDED from AndroidManifest.xml:305:9
	android:name
		ADDED from AndroidManifest.xml:305:18
service#com.pokevian.app.fingerpush.GCMAlertService
ADDED from AndroidManifest.xml:307:9
	android:enabled
		ADDED from AndroidManifest.xml:309:13
	android:permission
		ADDED from AndroidManifest.xml:310:13
	android:name
		ADDED from AndroidManifest.xml:308:13
intent-filter#com.pokevian.optimus.gcm
ADDED from AndroidManifest.xml:311:13
action#com.pokevian.optimus.gcm
ADDED from AndroidManifest.xml:312:17
	android:name
		ADDED from AndroidManifest.xml:312:25
receiver#com.pokevian.app.fingerpush.GCMBroadcastReceiver
ADDED from AndroidManifest.xml:315:9
	android:permission
		ADDED from AndroidManifest.xml:317:13
	android:name
		ADDED from AndroidManifest.xml:316:13
intent-filter#com.google.android.c2dm.intent.RECEIVE+com.google.android.c2dm.intent.REGISTRATION+com.pokevian.optimus
ADDED from AndroidManifest.xml:318:13
action#com.google.android.c2dm.intent.RECEIVE
ADDED from AndroidManifest.xml:319:17
	android:name
		ADDED from AndroidManifest.xml:319:25
action#com.google.android.c2dm.intent.REGISTRATION
ADDED from AndroidManifest.xml:320:17
	android:name
		ADDED from AndroidManifest.xml:320:25
category#com.pokevian.optimus
ADDED from AndroidManifest.xml:321:17
	android:name
		ADDED from AndroidManifest.xml:321:27
uses-sdk
INJECTED from AndroidManifest.xml:0:0 reason: use-sdk injection requested
MERGED from com.android.support:multidex:1.0.0:18:5
MERGED from com.android.support:appcompat-v7:22.2.1:20:5
MERGED from com.android.support:support-v4:22.2.1:20:5
MERGED from com.android.support:design:22.2.1:20:5
MERGED from com.android.support:appcompat-v7:22.2.1:20:5
MERGED from com.android.support:support-v4:22.2.1:20:5
MERGED from com.android.support:support-v4:22.2.1:20:5
MERGED from com.google.android.gms:play-services:6.1.71:15:5
MERGED from com.android.support:support-v4:22.2.1:20:5
MERGED from com.facebook.android:facebook-android-sdk:4.6.0:24:5
MERGED from com.android.support:support-v4:22.2.1:20:5
MERGED from com.android.support:android-support-v4-preferencefragment:1.0.0:20:5
MERGED from com.android.support:support-v4:22.2.1:20:5
MERGED from CarooLive:caldroid:unspecified:22:5
MERGED from com.android.support:support-v4:22.2.1:20:5
	android:targetSdkVersion
		INJECTED from AndroidManifest.xml:0:0
		INJECTED from AndroidManifest.xml:0:0
	android:minSdkVersion
		INJECTED from AndroidManifest.xml:0:0
		INJECTED from AndroidManifest.xml:0:0